.=====================================================================.
                                                                       
  .d8888b.   .o8888b.  db  .d8888b.  d8888b. d88888b d8888b.  .d888b.  
 .8P    Y8. d8P    Y8  88 .8P    Y8. 88  `8D 88'     88  `8D .8P , Y8. 
 88      88 8P     .ooo88 88      88 88oooY' 88oooo  88oobY' 88  |  88 
 88      88 8b     `~~~88 88      88 88~~~b. 88~~~~  88`8b   88  |/ 88 
 `8b    d8' Y8b    d8  88 `8b    d8' 88   8D 88.     88 `88. `8b | d8' 
  `Y8888P'   `Y8888P'  YP  `Y8888P'  Y8888P' Y88888P 88   YD  `Y888P'  
                                                                       
`========================== INSTALLATION LOG ========================='

[2019/04/08 04:52:17] Host: Windows NT DESKTOP-KP7UJ67 10.0 build 17134 (Windows 10) AMD64
[2019/04/08 04:52:17] PHP version: 7.3.3
[2019/04/08 04:52:17] Server software: Apache/2.4.38 (Win64) OpenSSL/1.1.1b PHP/7.3.3
[2019/04/08 04:52:17] Operating system: WINNT
[2019/04/08 04:52:17] Memory limit: 128M
[2019/04/08 04:52:17] Max execution time: 3600
.============================ POST REQUEST ==========================.
[2019/04/08 04:52:17] Postback payload: Array
(
    [code] => phpVersion
    [handler] => onCheckRequirement
)

[2019/04/08 04:52:17] System check: phpVersion
[2019/04/08 04:52:17] Requirement phpVersion +OK
[2019/04/08 04:52:17] Execute handler (onCheckRequirement): Array
(
    [result] => 1
)

.============================ POST REQUEST ==========================.
[2019/04/08 04:52:18] Postback payload: Array
(
    [code] => curlLibrary
    [handler] => onCheckRequirement
)

[2019/04/08 04:52:18] System check: curlLibrary
[2019/04/08 04:52:18] Requirement curlLibrary +OK
[2019/04/08 04:52:18] Execute handler (onCheckRequirement): Array
(
    [result] => 1
)

.============================ POST REQUEST ==========================.
[2019/04/08 04:52:18] Postback payload: Array
(
    [code] => liveConnection
    [handler] => onCheckRequirement
)

[2019/04/08 04:52:18] System check: liveConnection
[2019/04/08 04:52:19] Server request: ping
[2019/04/08 04:52:19] Request information: Array
(
    [url] => http://gateway.octobercms.com/api/ping
    [content_type] => application/json
    [http_code] => 200
    [header_size] => 418
    [request_size] => 179
    [filetime] => -1
    [ssl_verify_result] => 0
    [redirect_count] => 0
    [total_time] => 0.885375
    [namelookup_time] => 0.220805
    [connect_time] => 0.528345
    [pretransfer_time] => 0.529351
    [size_upload] => 40
    [size_download] => 12
    [speed_download] => 13
    [speed_upload] => 45
    [download_content_length] => -1
    [upload_content_length] => 40
    [starttransfer_time] => 0.885262
    [redirect_time] => 0
    [redirect_url] => 
    [primary_ip] => 52.37.223.30
    [certinfo] => Array
        (
        )

    [primary_port] => 80
    [local_ip] => 192.168.0.104
    [local_port] => 57291
    [http_version] => 2
    [protocol] => 1
    [ssl_verifyresult] => 0
    [scheme] => HTTP
    [appconnect_time_us] => 0
    [connect_time_us] => 528345
    [namelookup_time_us] => 220805
    [pretransfer_time_us] => 529351
    [redirect_time_us] => 0
    [starttransfer_time_us] => 885262
    [total_time_us] => 885375
)

[2019/04/08 04:52:19] Requirement liveConnection +OK
[2019/04/08 04:52:19] Execute handler (onCheckRequirement): Array
(
    [result] => 1
)

.============================ POST REQUEST ==========================.
[2019/04/08 04:52:20] Postback payload: Array
(
    [code] => writePermission
    [handler] => onCheckRequirement
)

[2019/04/08 04:52:20] System check: writePermission
[2019/04/08 04:52:20] Requirement writePermission +OK
[2019/04/08 04:52:20] Execute handler (onCheckRequirement): Array
(
    [result] => 1
)

.============================ POST REQUEST ==========================.
[2019/04/08 04:52:20] Postback payload: Array
(
    [code] => pdoLibrary
    [handler] => onCheckRequirement
)

[2019/04/08 04:52:20] System check: pdoLibrary
[2019/04/08 04:52:20] Requirement pdoLibrary +OK
[2019/04/08 04:52:20] Execute handler (onCheckRequirement): Array
(
    [result] => 1
)

.============================ POST REQUEST ==========================.
[2019/04/08 04:52:21] Postback payload: Array
(
    [code] => mbstringLibrary
    [handler] => onCheckRequirement
)

[2019/04/08 04:52:21] System check: mbstringLibrary
[2019/04/08 04:52:21] Requirement mbstringLibrary +OK
[2019/04/08 04:52:21] Execute handler (onCheckRequirement): Array
(
    [result] => 1
)

.============================ POST REQUEST ==========================.
[2019/04/08 04:52:21] Postback payload: Array
(
    [code] => fileinfoLibrary
    [handler] => onCheckRequirement
)

[2019/04/08 04:52:21] System check: fileinfoLibrary
[2019/04/08 04:52:21] Requirement fileinfoLibrary +OK
[2019/04/08 04:52:21] Execute handler (onCheckRequirement): Array
(
    [result] => 1
)

.============================ POST REQUEST ==========================.
[2019/04/08 04:52:22] Postback payload: Array
(
    [code] => sslLibrary
    [handler] => onCheckRequirement
)

[2019/04/08 04:52:22] System check: sslLibrary
[2019/04/08 04:52:22] Requirement sslLibrary +OK
[2019/04/08 04:52:22] Execute handler (onCheckRequirement): Array
(
    [result] => 1
)

.============================ POST REQUEST ==========================.
[2019/04/08 04:52:23] Postback payload: Array
(
    [code] => zipLibrary
    [handler] => onCheckRequirement
)

[2019/04/08 04:52:23] System check: zipLibrary
[2019/04/08 04:52:23] Requirement zipLibrary +OK
[2019/04/08 04:52:23] Execute handler (onCheckRequirement): Array
(
    [result] => 1
)

.============================ POST REQUEST ==========================.
[2019/04/08 04:52:23] Postback payload: Array
(
    [code] => gdLibrary
    [handler] => onCheckRequirement
)

[2019/04/08 04:52:23] System check: gdLibrary
[2019/04/08 04:52:23] Requirement gdLibrary +OK
[2019/04/08 04:52:23] Execute handler (onCheckRequirement): Array
(
    [result] => 1
)

.============================ POST REQUEST ==========================.
[2019/04/08 04:54:04] Postback payload: Array
(
    [db_type] => mysql
    [db_host] => localhost
    [db_port] => 
    [db_name] => acme_oct
    [db_user] => root
    [db_pass] => *******
    [admin_first_name] => Saqlain
    [admin_last_name] => Khan
    [admin_email] => *******@*****.com
    [admin_login] => admin
    [admin_password] => *******
    [admin_confirm_password] => *******
    [backend_uri] => /backend
    [encryption_code] => *******
    [file_mask] => 777
    [folder_mask] => 777
    [handler] => onValidateDatabase
)

.============================ POST REQUEST ==========================.
[2019/04/08 04:54:04] Postback payload: Array
(
    [db_type] => mysql
    [db_host] => localhost
    [db_port] => 
    [db_name] => acme_oct
    [db_user] => root
    [db_pass] => *******
    [admin_first_name] => Saqlain
    [admin_last_name] => Khan
    [admin_email] => *******@*****.com
    [admin_login] => admin
    [admin_password] => *******
    [admin_confirm_password] => *******
    [backend_uri] => /backend
    [encryption_code] => *******
    [file_mask] => 777
    [folder_mask] => 777
    [handler] => onValidateAdminAccount
)

[2019/04/08 04:54:04] Handler error (onValidateAdminAccount): Please specify administrator email address
[2019/04/08 04:54:04] Trace log:
#0 C:\xampp\htdocs\acme\install_files\php\Installer.php(48): Installer->onValidateAdminAccount()
#1 C:\xampp\htdocs\acme\install_files\php\boot.php(91): Installer->__construct()
#2 C:\xampp\htdocs\acme\install.php(1): include('C:\\xampp\\htdocs...')
#3 {main}
.============================ POST REQUEST ==========================.
[2019/04/08 04:54:16] Postback payload: Array
(
    [db_type] => mysql
    [db_host] => localhost
    [db_port] => 
    [db_name] => acme_oct
    [db_user] => root
    [db_pass] => *******
    [admin_first_name] => Saqlain
    [admin_last_name] => Khan
    [admin_email] => *******@*****.com
    [admin_login] => admin
    [admin_password] => *******
    [admin_confirm_password] => *******
    [backend_uri] => /backend
    [encryption_code] => *******
    [file_mask] => 777
    [folder_mask] => 777
    [handler] => onValidateDatabase
)

.============================ POST REQUEST ==========================.
[2019/04/08 04:54:16] Postback payload: Array
(
    [db_type] => mysql
    [db_host] => localhost
    [db_port] => 
    [db_name] => acme_oct
    [db_user] => root
    [db_pass] => *******
    [admin_first_name] => Saqlain
    [admin_last_name] => Khan
    [admin_email] => *******@*****.com
    [admin_login] => admin
    [admin_password] => *******
    [admin_confirm_password] => *******
    [backend_uri] => /backend
    [encryption_code] => *******
    [file_mask] => 777
    [folder_mask] => 777
    [handler] => onValidateAdminAccount
)

.============================ POST REQUEST ==========================.
[2019/04/08 04:54:16] Postback payload: Array
(
    [db_type] => mysql
    [db_host] => localhost
    [db_port] => 
    [db_name] => acme_oct
    [db_user] => root
    [db_pass] => *******
    [admin_first_name] => Saqlain
    [admin_last_name] => Khan
    [admin_email] => *******@*****.com
    [admin_login] => admin
    [admin_password] => *******
    [admin_confirm_password] => *******
    [backend_uri] => /backend
    [encryption_code] => *******
    [file_mask] => 777
    [folder_mask] => 777
    [handler] => onValidateAdvancedConfig
)

.============================ POST REQUEST ==========================.
[2019/04/08 04:54:27] Postback payload: Array
(
    [handler] => onGetPopularThemes
)

[2019/04/08 04:54:28] Server request: theme/popular
[2019/04/08 04:54:28] Request information: Array
(
    [url] => http://gateway.octobercms.com/api/theme/popular
    [content_type] => application/json
    [http_code] => 200
    [header_size] => 418
    [request_size] => 188
    [filetime] => -1
    [ssl_verify_result] => 0
    [redirect_count] => 0
    [total_time] => 1.008147
    [namelookup_time] => 0.158874
    [connect_time] => 0.493251
    [pretransfer_time] => 0.494171
    [size_upload] => 40
    [size_download] => 4019
    [speed_download] => 3987
    [speed_upload] => 39
    [download_content_length] => -1
    [upload_content_length] => 40
    [starttransfer_time] => 1.006327
    [redirect_time] => 0
    [redirect_url] => 
    [primary_ip] => 52.37.223.30
    [certinfo] => Array
        (
        )

    [primary_port] => 80
    [local_ip] => 192.168.0.104
    [local_port] => 57427
    [http_version] => 2
    [protocol] => 1
    [ssl_verifyresult] => 0
    [scheme] => HTTP
    [appconnect_time_us] => 0
    [connect_time_us] => 493251
    [namelookup_time_us] => 158874
    [pretransfer_time_us] => 494171
    [redirect_time_us] => 0
    [starttransfer_time_us] => 1006327
    [total_time_us] => 1008147
)

[2019/04/08 04:54:28] Execute handler (onGetPopularThemes): Array
(
    [0] => Array
        (
            [name] => Clean Blog
            [description] => Clean blogger theme.
            [code] => Responsiv.Clean
            [updated_at] => 2019-04-08 13:58:46
            [image] => //gateway.octobercms.com/storage/app/uploads/public/58e/304/7a4/thumb_6978_210_140_0_0_crop.png
            [author] => Responsiv Internet
            [hash] => 07e5b7066168a94349ac92018770c2e8
            [demo_url] => http://daftspunk.com/
            [product_url] => http://gateway.octobercms.com/theme/responsiv-clean
        )

    [1] => Array
        (
            [name] => New Age
            [description] => Landing page for mobile apps
            [code] => VojtaSvoboda.newage
            [updated_at] => 2019-04-08 13:30:41
            [image] => //gateway.octobercms.com/storage/app/uploads/public/580/7eb/dc9/thumb_5770_210_140_0_0_crop.png
            [author] => Vojta Svoboda
            [hash] => 09d9e47e64a2ed47dc35146a792008c2
            [demo_url] => https://blackrockdigital.github.io/startbootstrap-new-age/
            [product_url] => http://gateway.octobercms.com/theme/vojtasvoboda-newage
        )

    [2] => Array
        (
            [name] => Stellar
            [description] => a clean, responsive one page and blog theme
            [code] => Zwiebl.zwiebl_stellar
            [updated_at] => 2019-04-08 13:49:52
            [image] => //gateway.octobercms.com/storage/app/uploads/public/57e/bb4/fe9/thumb_5641_210_140_0_0_crop.png
            [author] => Alpen.Space
            [hash] => 19345446d87ad08e6937503019a43fd9
            [demo_url] => https://demo-stellar.alpen.space/
            [product_url] => http://gateway.octobercms.com/theme/zwiebl-zwiebl-stellar
        )

    [3] => Array
        (
            [name] => Blank Bootstrap 4
            [description] => A blank Bootstrap 4 template
            [code] => Hambern.hambern-blank-bootstrap-4
            [updated_at] => 2019-04-08 14:27:18
            [image] => //gateway.octobercms.com/storage/app/uploads/public/57b/9ba/c48/thumb_5365_210_140_0_0_crop.png
            [author] => Mattias Hamberg
            [hash] => 9a6762de633774de2cebf69a88f290d1
            [demo_url] => 
            [product_url] => http://gateway.octobercms.com/theme/hambern-hambern-blank-bootstrap-4
        )

    [4] => Array
        (
            [name] => Bonjour
            [description] => A sample multi-lingual theme for translated content.
            [code] => RainLab.Bonjour
            [updated_at] => 2019-04-08 08:21:09
            [image] => //gateway.octobercms.com/storage/app/uploads/public/577/9df/850/thumb_4911_210_140_0_0_crop.png
            [author] => RainLab
            [hash] => f1084f81e0e1c5c8d22317794292deb3
            [demo_url] => 
            [product_url] => http://gateway.octobercms.com/theme/rainlab-bonjour
        )

    [5] => Array
        (
            [name] => Viola
            [description] => One Page Theme based on Bootstrap 4 with different color schemes, scss files included
            [code] => JumpLink.Viola
            [updated_at] => 2019-04-08 14:44:38
            [image] => //gateway.octobercms.com/storage/app/uploads/public/574/6af/435/thumb_4705_210_140_0_0_crop.png
            [author] => JumpLink
            [hash] => fe09a3915724fcc241e0e5914c8ea346
            [demo_url] => http://healthyteeth.jumplink.eu/
            [product_url] => http://gateway.octobercms.com/theme/jumplink-viola
        )

    [6] => Array
        (
            [name] => Relax
            [description] => A fictional site called House of Chairs that demonstrates how to build a client-friendly website.
            [code] => RainLab.Relax
            [updated_at] => 2019-04-08 11:56:45
            [image] => //gateway.octobercms.com/storage/app/uploads/public/559/49e/2da/thumb_2585_210_140_0_0_crop.png
            [author] => RainLab
            [hash] => a35c64b09ad6347b8a226291e5b8fd75
            [demo_url] => 
            [product_url] => http://gateway.octobercms.com/theme/rainlab-relax
        )

    [7] => Array
        (
            [name] => Vanilla
            [description] => A plain starter template that implements account management, a blog and community forum.
            [code] => RainLab.Vanilla
            [updated_at] => 2019-04-08 14:17:13
            [image] => //gateway.octobercms.com/storage/app/uploads/public/552/da4/0f8/thumb_2106_210_140_0_0_crop.png
            [author] => RainLab
            [hash] => 4b893d1c085a298e9b9b1d13635a675f
            [demo_url] => 
            [product_url] => http://gateway.octobercms.com/theme/rainlab-vanilla
        )

    [8] => Array
        (
            [name] => Flat UI
            [description] => A theme that uses a Flat user-interface and has no dependencies on others plugins.
            [code] => Responsiv.Flat
            [updated_at] => 2019-04-08 09:47:51
            [image] => //gateway.octobercms.com/storage/app/uploads/public/53d/084/fbc/thumb_543_210_140_0_0_crop.png
            [author] => Responsiv Internet
            [hash] => 3b3994c2c50d1b0f49a0725d764c12e8
            [demo_url] => 
            [product_url] => http://gateway.octobercms.com/theme/responsiv-flat
        )

)

.============================ POST REQUEST ==========================.
[2019/04/08 04:54:35] Postback payload: Array
(
    [name] => Responsiv.Clean
    [handler] => onThemeDetails
)

[2019/04/08 04:54:36] Server request: theme/detail
[2019/04/08 04:54:36] Request information: Array
(
    [url] => http://gateway.octobercms.com/api/theme/detail
    [content_type] => application/json
    [http_code] => 200
    [header_size] => 435
    [request_size] => 208
    [filetime] => -1
    [ssl_verify_result] => 0
    [redirect_count] => 0
    [total_time] => 0.745239
    [namelookup_time] => 0.000529
    [connect_time] => 0.335404
    [pretransfer_time] => 0.335738
    [size_upload] => 61
    [size_download] => 680
    [speed_download] => 912
    [speed_upload] => 81
    [download_content_length] => -1
    [upload_content_length] => 61
    [starttransfer_time] => 0.745106
    [redirect_time] => 0
    [redirect_url] => 
    [primary_ip] => 52.37.223.30
    [certinfo] => Array
        (
        )

    [primary_port] => 80
    [local_ip] => 192.168.0.104
    [local_port] => 57448
    [http_version] => 2
    [protocol] => 1
    [ssl_verifyresult] => 0
    [scheme] => HTTP
    [appconnect_time_us] => 0
    [connect_time_us] => 335404
    [namelookup_time_us] => 529
    [pretransfer_time_us] => 335738
    [redirect_time_us] => 0
    [starttransfer_time_us] => 745106
    [total_time_us] => 745239
)

[2019/04/08 04:54:36] Execute handler (onThemeDetails): Array
(
    [name] => Clean Blog
    [description] => Clean blogger theme.
    [code] => Responsiv.Clean
    [updated_at] => 2019-04-08 13:58:46
    [image] => //gateway.octobercms.com/storage/app/uploads/public/58e/304/7a4/thumb_6978_210_140_0_0_crop.png
    [author] => Responsiv Internet
    [hash] => 07e5b7066168a94349ac92018770c2e8
    [demo_url] => http://daftspunk.com/
    [product_url] => http://gateway.octobercms.com/theme/responsiv-clean
    [require] => Array
        (
            [0] => Array
                (
                    [name] => Blog
                    [description] => A robust blogging platform.
                    [code] => RainLab.Blog
                    [updated_at] => 2019-04-08 14:49:47
                    [image] => http://placehold.it/64x64
                    [author] => October
                    [hash] => 0b6eaf74c999eb254549d1b1ab90aaa3
                    [demo_url] => 
                    [product_url] => 
                )

        )

)

.============================ POST REQUEST ==========================.
[2019/04/08 04:54:36] Postback payload: Array
(
    [step] => getMetaData
    [meta] => 
    [plugins] => Array
        (
            [0] => Array
                (
                    [name] => Blog
                    [description] => A robust blogging platform.
                    [code] => RainLab.Blog
                    [updated_at] => 2019-04-08 14:49:47
                    [image] => http://placehold.it/64x64
                    [author] => October
                    [hash] => 0b6eaf74c999eb254549d1b1ab90aaa3
                    [demo_url] => 
                    [product_url] => 
                )

        )

    [themes] => Array
        (
            [0] => Array
                (
                    [name] => Clean Blog
                    [description] => Clean blogger theme.
                    [code] => Responsiv.Clean
                    [updated_at] => 2019-04-08 13:58:46
                    [image] => //gateway.octobercms.com/storage/app/uploads/public/58e/304/7a4/thumb_6978_210_140_0_0_crop.png
                    [author] => Responsiv Internet
                    [hash] => 07e5b7066168a94349ac92018770c2e8
                    [demo_url] => http://daftspunk.com/
                    [product_url] => http://gateway.octobercms.com/theme/responsiv-clean
                    [require] => Array
                        (
                            [0] => Array
                                (
                                    [name] => Blog
                                    [description] => A robust blogging platform.
                                    [code] => RainLab.Blog
                                    [updated_at] => 2019-04-08 14:49:47
                                    [image] => http://placehold.it/64x64
                                    [author] => October
                                    [hash] => 0b6eaf74c999eb254549d1b1ab90aaa3
                                    [demo_url] => 
                                    [product_url] => 
                                )

                        )

                )

        )

    [handler] => onInstallStep
)

[2019/04/08 04:54:36] Install step: getMetaData
[2019/04/08 04:54:37] Server request: core/install
[2019/04/08 04:54:37] Request information: Array
(
    [url] => http://gateway.octobercms.com/api/core/install
    [content_type] => application/json
    [http_code] => 200
    [header_size] => 418
    [request_size] => 245
    [filetime] => -1
    [ssl_verify_result] => 0
    [redirect_count] => 0
    [total_time] => 0.976067
    [namelookup_time] => 0.006596
    [connect_time] => 0.412523
    [pretransfer_time] => 0.412819
    [size_upload] => 98
    [size_download] => 233
    [speed_download] => 238
    [speed_upload] => 100
    [download_content_length] => -1
    [upload_content_length] => 98
    [starttransfer_time] => 0.975974
    [redirect_time] => 0
    [redirect_url] => 
    [primary_ip] => 52.37.223.30
    [certinfo] => Array
        (
        )

    [primary_port] => 80
    [local_ip] => 192.168.0.104
    [local_port] => 57449
    [http_version] => 2
    [protocol] => 1
    [ssl_verifyresult] => 0
    [scheme] => HTTP
    [appconnect_time_us] => 0
    [connect_time_us] => 412523
    [namelookup_time_us] => 6596
    [pretransfer_time_us] => 412819
    [redirect_time_us] => 0
    [starttransfer_time_us] => 975974
    [total_time_us] => 976067
)

[2019/04/08 04:54:37] Step getMetaData +OK
[2019/04/08 04:54:37] Execute handler (onInstallStep): Array
(
    [result] => Array
        (
            [core] => Array
                (
                    [hash] => 61c929870890c2206ff3d84c4a12c354
                    [build] => 447
                    [uhash] => 3bea68b737188c91d4613538c6dbcec4
                )

            [plugins] => Array
                (
                    [RainLab.Blog] => 0b6eaf74c999eb254549d1b1ab90aaa3
                )

            [themes] => Array
                (
                    [Responsiv.Clean] => 07e5b7066168a94349ac92018770c2e8
                )

        )

)

.============================ POST REQUEST ==========================.
[2019/04/08 04:54:37] Postback payload: Array
(
    [step] => downloadCore
    [meta] => Array
        (
            [core] => Array
                (
                    [hash] => 61c929870890c2206ff3d84c4a12c354
                    [build] => 447
                    [uhash] => 3bea68b737188c91d4613538c6dbcec4
                )

            [plugins] => Array
                (
                    [RainLab.Blog] => 0b6eaf74c999eb254549d1b1ab90aaa3
                )

            [themes] => Array
                (
                    [Responsiv.Clean] => 07e5b7066168a94349ac92018770c2e8
                )

        )

    [handler] => onInstallStep
)

[2019/04/08 04:54:37] Install step: downloadCore
[2019/04/08 04:57:44] Saving to file (core): C:/xampp/htdocs/acme/install_files/temp/a74ad8dfacd4f985eb3977517615ce25.arc
[2019/04/08 04:57:44] Step downloadCore +OK
[2019/04/08 04:57:44] Execute handler (onInstallStep): Array
(
    [result] => 
)

.============================ POST REQUEST ==========================.
[2019/04/08 04:57:44] Postback payload: Array
(
    [step] => downloadPlugin
    [meta] => Array
        (
            [core] => Array
                (
                    [hash] => 61c929870890c2206ff3d84c4a12c354
                    [build] => 447
                    [uhash] => 3bea68b737188c91d4613538c6dbcec4
                )

            [plugins] => Array
                (
                    [RainLab.Blog] => 0b6eaf74c999eb254549d1b1ab90aaa3
                )

            [themes] => Array
                (
                    [Responsiv.Clean] => 07e5b7066168a94349ac92018770c2e8
                )

        )

    [name] => RainLab.Blog
    [handler] => onInstallStep
)

[2019/04/08 04:57:44] Install step: downloadPlugin
[2019/04/08 04:57:48] Saving to file (RainLab.Blog-plugin): C:/xampp/htdocs/acme/install_files/temp/33b538b0804bdcfce25684369ded882c.arc
[2019/04/08 04:57:48] Step downloadPlugin +OK
[2019/04/08 04:57:48] Execute handler (onInstallStep): Array
(
    [result] => 
)

.============================ POST REQUEST ==========================.
[2019/04/08 04:57:48] Postback payload: Array
(
    [step] => downloadTheme
    [meta] => Array
        (
            [core] => Array
                (
                    [hash] => 61c929870890c2206ff3d84c4a12c354
                    [build] => 447
                    [uhash] => 3bea68b737188c91d4613538c6dbcec4
                )

            [plugins] => Array
                (
                    [RainLab.Blog] => 0b6eaf74c999eb254549d1b1ab90aaa3
                )

            [themes] => Array
                (
                    [Responsiv.Clean] => 07e5b7066168a94349ac92018770c2e8
                )

        )

    [name] => Responsiv.Clean
    [handler] => onInstallStep
)

[2019/04/08 04:57:48] Install step: downloadTheme
[2019/04/08 04:58:04] Saving to file (Responsiv.Clean-theme): C:/xampp/htdocs/acme/install_files/temp/50b424b156f0b335ba87925d2ea83f82.arc
[2019/04/08 04:58:04] Step downloadTheme +OK
[2019/04/08 04:58:04] Execute handler (onInstallStep): Array
(
    [result] => 
)

.============================ POST REQUEST ==========================.
[2019/04/08 04:58:05] Postback payload: Array
(
    [step] => extractCore
    [meta] => Array
        (
            [core] => Array
                (
                    [hash] => 61c929870890c2206ff3d84c4a12c354
                    [build] => 447
                    [uhash] => 3bea68b737188c91d4613538c6dbcec4
                )

            [plugins] => Array
                (
                    [RainLab.Blog] => 0b6eaf74c999eb254549d1b1ab90aaa3
                )

            [themes] => Array
                (
                    [Responsiv.Clean] => 07e5b7066168a94349ac92018770c2e8
                )

        )

    [handler] => onInstallStep
)

[2019/04/08 04:58:05] Install step: extractCore
[2019/04/08 04:58:05] Extracting file (core): a74ad8dfacd4f985eb3977517615ce25.arc
[2019/04/08 05:00:57] Step extractCore +OK
[2019/04/08 05:00:57] Execute handler (onInstallStep): Array
(
    [result] => 1
)

.============================ POST REQUEST ==========================.
[2019/04/08 05:00:58] Postback payload: Array
(
    [step] => extractPlugin
    [meta] => Array
        (
            [core] => Array
                (
                    [hash] => 61c929870890c2206ff3d84c4a12c354
                    [build] => 447
                    [uhash] => 3bea68b737188c91d4613538c6dbcec4
                )

            [plugins] => Array
                (
                    [RainLab.Blog] => 0b6eaf74c999eb254549d1b1ab90aaa3
                )

            [themes] => Array
                (
                    [Responsiv.Clean] => 07e5b7066168a94349ac92018770c2e8
                )

        )

    [name] => RainLab.Blog
    [handler] => onInstallStep
)

[2019/04/08 05:00:58] Install step: extractPlugin
[2019/04/08 05:00:58] Extracting file (RainLab.Blog-plugin): 33b538b0804bdcfce25684369ded882c.arc
[2019/04/08 05:01:01] Step extractPlugin +OK
[2019/04/08 05:01:01] Execute handler (onInstallStep): Array
(
    [result] => 1
)

.============================ POST REQUEST ==========================.
[2019/04/08 05:01:01] Postback payload: Array
(
    [step] => extractTheme
    [meta] => Array
        (
            [core] => Array
                (
                    [hash] => 61c929870890c2206ff3d84c4a12c354
                    [build] => 447
                    [uhash] => 3bea68b737188c91d4613538c6dbcec4
                )

            [plugins] => Array
                (
                    [RainLab.Blog] => 0b6eaf74c999eb254549d1b1ab90aaa3
                )

            [themes] => Array
                (
                    [Responsiv.Clean] => 07e5b7066168a94349ac92018770c2e8
                )

        )

    [name] => Responsiv.Clean
    [handler] => onInstallStep
)

[2019/04/08 05:01:01] Install step: extractTheme
[2019/04/08 05:01:02] Extracting file (Responsiv.Clean-theme): 50b424b156f0b335ba87925d2ea83f82.arc
[2019/04/08 05:01:03] Step extractTheme +OK
[2019/04/08 05:01:03] Execute handler (onInstallStep): Array
(
    [result] => 1
)

.============================ POST REQUEST ==========================.
[2019/04/08 05:01:03] Postback payload: Array
(
    [step] => setupConfig
    [meta] => Array
        (
            [core] => Array
                (
                    [hash] => 61c929870890c2206ff3d84c4a12c354
                    [build] => 447
                    [uhash] => 3bea68b737188c91d4613538c6dbcec4
                )

            [plugins] => Array
                (
                    [RainLab.Blog] => 0b6eaf74c999eb254549d1b1ab90aaa3
                )

            [themes] => Array
                (
                    [Responsiv.Clean] => 07e5b7066168a94349ac92018770c2e8
                )

        )

    [db_type] => mysql
    [db_host] => localhost
    [db_port] => 
    [db_name] => acme_oct
    [db_user] => root
    [db_pass] => *******
    [admin_first_name] => Saqlain
    [admin_last_name] => Khan
    [admin_email] => *******@*****.com
    [admin_login] => admin
    [admin_password] => *******
    [admin_confirm_password] => *******
    [backend_uri] => /backend
    [encryption_code] => *******
    [file_mask] => 777
    [folder_mask] => 777
    [active_theme] => Responsiv.Clean
    [handler] => onInstallStep
)

[2019/04/08 05:01:03] Install step: setupConfig
[2019/04/08 03:01:04] Step setupConfig +OK
[2019/04/08 03:01:04] Execute handler (onInstallStep): Array
(
    [result] => 
)

.============================ POST REQUEST ==========================.
[2019/04/08 05:01:04] Postback payload: Array
(
    [step] => createAdmin
    [meta] => Array
        (
            [core] => Array
                (
                    [hash] => 61c929870890c2206ff3d84c4a12c354
                    [build] => 447
                    [uhash] => 3bea68b737188c91d4613538c6dbcec4
                )

            [plugins] => Array
                (
                    [RainLab.Blog] => 0b6eaf74c999eb254549d1b1ab90aaa3
                )

            [themes] => Array
                (
                    [Responsiv.Clean] => 07e5b7066168a94349ac92018770c2e8
                )

        )

    [db_type] => mysql
    [db_host] => localhost
    [db_port] => 
    [db_name] => acme_oct
    [db_user] => root
    [db_pass] => *******
    [admin_first_name] => Saqlain
    [admin_last_name] => Khan
    [admin_email] => *******@*****.com
    [admin_login] => admin
    [admin_password] => *******
    [admin_confirm_password] => *******
    [backend_uri] => /backend
    [encryption_code] => *******
    [file_mask] => 777
    [folder_mask] => 777
    [active_theme] => Responsiv.Clean
    [handler] => onInstallStep
)

[2019/04/08 05:01:04] Install step: createAdmin
[2019/04/08 03:01:56] Step createAdmin +OK
[2019/04/08 03:01:56] Execute handler (onInstallStep): Array
(
    [result] => 
)

.============================ POST REQUEST ==========================.
[2019/04/08 05:01:56] Postback payload: Array
(
    [disableLog] => 1
)

[2019/04/08 05:01:56] Install step: setupProject
[2019/04/08 05:01:56] Step setupProject +OK
[2019/04/08 05:01:56] Execute handler (onInstallStep): Array
(
    [result] => 
)

.============================ POST REQUEST ==========================.
[2019/04/08 05:01:56] Postback payload: Array
(
    [step] => finishInstall
    [meta] => Array
        (
            [core] => Array
                (
                    [hash] => 61c929870890c2206ff3d84c4a12c354
                    [build] => 447
                    [uhash] => 3bea68b737188c91d4613538c6dbcec4
                )

            [plugins] => Array
                (
                    [RainLab.Blog] => 0b6eaf74c999eb254549d1b1ab90aaa3
                )

            [themes] => Array
                (
                    [Responsiv.Clean] => 07e5b7066168a94349ac92018770c2e8
                )

        )

    [hash] => 61c929870890c2206ff3d84c4a12c354
    [build] => 447
    [uhash] => 3bea68b737188c91d4613538c6dbcec4
    [handler] => onInstallStep
)

[2019/04/08 05:01:56] Install step: finishInstall
[2019/04/08 03:01:57] Cleaning up file: 33b538b0804bdcfce25684369ded882c.arc
[2019/04/08 03:01:57] Cleaning up file: 50b424b156f0b335ba87925d2ea83f82.arc
[2019/04/08 03:01:57] Cleaning up file: a74ad8dfacd4f985eb3977517615ce25.arc
[2019/04/08 03:01:57] Step finishInstall +OK
[2019/04/08 03:01:57] Execute handler (onInstallStep): Array
(
    [result] => 
)

